<?xml version="1.0" encoding="UTF-8"?>
<!-- Generated by org.testng.reporters.JUnitReportReporter -->
<testsuite skipped="0" hostname="23HW010622" name="test.Test.StoresServiceAPIValidationTest" tests="3" failures="0" timestamp="02 Jan 2019 12:10:37 GMT" time="20.851" errors="0">
  <testcase name="testJSONObject" time="19.560" classname="test.Test.StoresServiceAPIValidationTest"/>
  <testcase name="testStoreService" time="0.773" classname="test.Test.StoresServiceAPIValidationTest"/>
  <testcase name="testStoreJSON" time="0.518" classname="test.Test.StoresServiceAPIValidationTest"/>
</testsuite> <!-- test.Test.StoresServiceAPIValidationTest -->
