<?xml version="1.0" encoding="UTF-8"?>
<!-- Generated by org.testng.reporters.JUnitReportReporter -->
<testsuite skipped="0" hostname="23HW010622" name="test.Test.StoresServiceAPIValidation" tests="2" failures="0" timestamp="14 Dec 2018 15:27:14 GMT" time="3.863" errors="0">
  <testcase name="testStoreService" time="0.618" classname="test.Test.StoresServiceAPIValidation"/>
  <testcase name="testStoreJSON" time="3.245" classname="test.Test.StoresServiceAPIValidation"/>
</testsuite> <!-- test.Test.StoresServiceAPIValidation -->
